<?xml version="1.0" encoding="UTF-8"?>
<!-- Generated by org.testng.reporters.JUnitReportReporter -->
<testsuite hostname="Ash_2703" failures="0" tests="1" name="practice.Practice" time="0.011" errors="0" timestamp="2023-03-23T00:59:20 IST" skipped="0">
  <testcase classname="practice.Practice" name="sample" time="0.011"/>
  <system-out/>
</testsuite> <!-- practice.Practice -->
