<?xml version="1.0" encoding="UTF-8"?>
<!-- Generated by org.testng.reporters.JUnitReportReporter -->
<testsuite hostname="Ash_2703" failures="0" tests="1" name="practice.Demo" time="0.016" errors="0" timestamp="2023-03-26T02:09:50 IST" skipped="0">
  <testcase classname="practice.Demo" name="demo" time="0.016"/>
  <system-out/>
</testsuite> <!-- practice.Demo -->
